<?xml version="1.0" encoding="UTF-8"?>
<!-- Generated by org.testng.reporters.JUnitReportReporter -->
<testsuite hostname="LAPTOP-LPRDJ66B" failures="0" tests="1" name="RestAssuerd_CRUDoperations.GetSingleProjectUsingBaseClass" time="1.728" errors="0" timestamp="2023-01-04T15:21:41 IST" skipped="0">
  <testcase classname="RestAssuerd_CRUDoperations.GetSingleProjectUsingBaseClass" name="getSingleProject" time="1.728"/>
  <system-out/>
</testsuite> <!-- RestAssuerd_CRUDoperations.GetSingleProjectUsingBaseClass -->
