<?xml version="1.0" encoding="UTF-8"?>
<!-- Generated by org.testng.reporters.JUnitReportReporter -->
<testsuite hostname="LAPTOP-LPRDJ66B" failures="0" tests="1" name="CRUDwithoutBDD.DeleteMethod_deleteProject" time="2.961" errors="0" timestamp="2022-12-27T15:39:03 IST" skipped="0">
  <testcase classname="CRUDwithoutBDD.DeleteMethod_deleteProject" name="getProject" time="2.961"/>
  <system-out/>
</testsuite> <!-- CRUDwithoutBDD.DeleteMethod_deleteProject -->
