<?xml version="1.0" encoding="UTF-8"?>
<!-- Generated by org.testng.reporters.JUnitReportReporter -->
<testsuite hostname="LAPTOP-LPRDJ66B" failures="0" tests="1" name="CRUDwithoutBDD.AddProject" time="3.124" errors="0" timestamp="2022-12-27T15:00:05 IST" skipped="0">
  <testcase classname="CRUDwithoutBDD.AddProject" name="addProjectUsingPost" time="3.124"/>
  <system-out/>
</testsuite> <!-- CRUDwithoutBDD.AddProject -->
