<?xml version="1.0" encoding="UTF-8"?>
<!-- Generated by org.testng.reporters.JUnitReportReporter -->
<testsuite hostname="LAPTOP-LPRDJ66B" failures="0" tests="1" name="RestAssuerd_CRUDoperations.DeleteMethodUsingBaseClass" time="1.633" errors="0" timestamp="2023-01-04T15:28:10 IST" skipped="0">
  <testcase classname="RestAssuerd_CRUDoperations.DeleteMethodUsingBaseClass" name="deleteProject" time="1.633"/>
  <system-out/>
</testsuite> <!-- RestAssuerd_CRUDoperations.DeleteMethodUsingBaseClass -->
