<?xml version="1.0" encoding="UTF-8"?>
<!-- Generated by org.testng.reporters.JUnitReportReporter -->
<testsuite hostname="LAPTOP-LPRDJ66B" failures="0" tests="1" name="EndToEndScenario.CreateProject" time="1.899" errors="0" timestamp="2023-01-04T15:52:04 IST" skipped="0">
  <testcase classname="EndToEndScenario.CreateProject" name="addProject" time="1.899"/>
  <system-out/>
</testsuite> <!-- EndToEndScenario.CreateProject -->
