<?xml version="1.0" encoding="UTF-8"?>
<!-- Generated by org.testng.reporters.JUnitReportReporter -->
<testsuite hostname="LAPTOP-LPRDJ66B" failures="0" tests="1" name="RestAssuerd_CRUDoperations.PostMethodUsingBaseClass" time="1.263" errors="0" timestamp="2023-01-04T15:53:21 IST" skipped="0">
  <testcase classname="RestAssuerd_CRUDoperations.PostMethodUsingBaseClass" name="addProject" time="1.263"/>
  <system-out/>
</testsuite> <!-- RestAssuerd_CRUDoperations.PostMethodUsingBaseClass -->
