<?xml version="1.0" encoding="UTF-8"?>
<!-- Generated by org.testng.reporters.JUnitReportReporter -->
<testsuite hostname="LAPTOP-LPRDJ66B" failures="0" tests="1" name="RequestChaining.PostAndGet_Project" time="3.453" errors="0" timestamp="2023-01-04T17:15:05 IST" skipped="0">
  <testcase classname="RequestChaining.PostAndGet_Project" name="requestChaining" time="3.453"/>
  <system-out/>
</testsuite> <!-- RequestChaining.PostAndGet_Project -->
