<?xml version="1.0" encoding="UTF-8"?>
<!-- Generated by org.testng.reporters.JUnitReportReporter -->
<testsuite hostname="LAPTOP-LPRDJ66B" failures="0" tests="1" name="Athentication.Auth_2_o" time="4.414" errors="0" timestamp="2023-01-03T11:11:15 IST" skipped="0">
  <testcase classname="Athentication.Auth_2_o" name="auth2o" time="4.414"/>
  <system-out/>
</testsuite> <!-- Athentication.Auth_2_o -->
