<?xml version="1.0" encoding="UTF-8"?>
<!-- Generated by org.testng.reporters.JUnitReportReporter -->
<testsuite hostname="LAPTOP-LPRDJ66B" failures="0" tests="1" name="CRUDwithoutBDD.PutMethod_UpdateProject" time="3.394" errors="0" timestamp="2022-12-27T15:30:15 IST" skipped="0">
  <testcase classname="CRUDwithoutBDD.PutMethod_UpdateProject" name="updateProject" time="3.394"/>
  <system-out/>
</testsuite> <!-- CRUDwithoutBDD.PutMethod_UpdateProject -->
