<?xml version="1.0" encoding="UTF-8"?>
<!-- Generated by org.testng.reporters.JUnitReportReporter -->
<testsuite hostname="LAPTOP-LPRDJ66B" failures="0" tests="1" name="GettingResponseInJSONFile.UsingAsByteArrayMethod" time="3.621" errors="0" timestamp="2023-01-03T13:06:29 IST" skipped="0">
  <testcase classname="GettingResponseInJSONFile.UsingAsByteArrayMethod" name="getresponse" time="3.621"/>
  <system-out/>
</testsuite> <!-- GettingResponseInJSONFile.UsingAsByteArrayMethod -->
