<?xml version="1.0" encoding="UTF-8"?>
<!-- Generated by org.testng.reporters.JUnitReportReporter -->
<testsuite hostname="LAPTOP-LPRDJ66B" failures="0" tests="1" name="CRUDwithoutBDD.PostMethod_AddProject" time="4.166" errors="0" timestamp="2022-12-27T17:06:01 IST" skipped="0">
  <testcase classname="CRUDwithoutBDD.PostMethod_AddProject" name="addProjectUsingPost" time="4.166"/>
  <system-out/>
</testsuite> <!-- CRUDwithoutBDD.PostMethod_AddProject -->
