<?xml version="1.0" encoding="UTF-8"?>
<!-- Generated by org.testng.reporters.JUnitReportReporter -->
<testsuite hostname="LAPTOP-LPRDJ66B" failures="0" tests="1" name="Athentication.PreEmptiveAuth" time="1.904" errors="0" timestamp="2023-01-02T16:19:13 IST" skipped="0">
  <testcase classname="Athentication.PreEmptiveAuth" name="basicAuth" time="1.904"/>
  <system-out/>
</testsuite> <!-- Athentication.PreEmptiveAuth -->
