<?xml version="1.0" encoding="UTF-8"?>
<!-- Generated by org.testng.reporters.JUnitReportReporter -->
<testsuite hostname="LAPTOP-LPRDJ66B" failures="0" tests="1" name="RestAssuerd_CRUDoperations.GetMethodUsingBaseClass" time="1.049" errors="0" timestamp="2023-01-04T13:27:52 IST" skipped="0">
  <testcase classname="RestAssuerd_CRUDoperations.GetMethodUsingBaseClass" name="getProjects" time="1.049"/>
  <system-out/>
</testsuite> <!-- RestAssuerd_CRUDoperations.GetMethodUsingBaseClass -->
