<?xml version="1.0" encoding="UTF-8"?>
<!-- Generated by org.testng.reporters.JUnitReportReporter -->
<testsuite hostname="LAPTOP-LPRDJ66B" failures="0" tests="1" name="Athentication.BarrierToken" time="6.601" errors="0" timestamp="2023-01-02T16:43:09 IST" skipped="0">
  <testcase classname="Athentication.BarrierToken" name="barrierToken" time="6.601"/>
  <system-out/>
</testsuite> <!-- Athentication.BarrierToken -->
