<?xml version="1.0" encoding="UTF-8"?>
<!-- Generated by org.testng.reporters.JUnitReportReporter -->
<testsuite hostname="LAPTOP-LPRDJ66B" failures="0" tests="1" name="SerializationAndDeserialization.DeserializationOfEmployeeDetails" time="0.355" errors="0" timestamp="2022-12-26T17:31:17 IST" skipped="0">
  <testcase classname="SerializationAndDeserialization.DeserializationOfEmployeeDetails" name="deserializationOfEmployee" time="0.355"/>
  <system-out/>
</testsuite> <!-- SerializationAndDeserialization.DeserializationOfEmployeeDetails -->
