<?xml version="1.0" encoding="UTF-8"?>
<!-- Generated by org.testng.reporters.JUnitReportReporter -->
<testsuite hostname="LAPTOP-LPRDJ66B" failures="0" tests="1" name="CRUDwithoutBDD.GetMethodSingleProject" time="3.385" errors="0" timestamp="2022-12-27T15:17:02 IST" skipped="0">
  <testcase classname="CRUDwithoutBDD.GetMethodSingleProject" name="getProject" time="3.385"/>
  <system-out/>
</testsuite> <!-- CRUDwithoutBDD.GetMethodSingleProject -->
