<?xml version="1.0" encoding="UTF-8"?>
<!-- Generated by org.testng.reporters.JUnitReportReporter -->
<testsuite hostname="LAPTOP-LPRDJ66B" failures="0" tests="1" name="CRUDwithBDD.Multipart_program" time="5.137" errors="0" timestamp="2022-12-28T17:41:05 IST" skipped="0">
  <testcase classname="CRUDwithBDD.Multipart_program" name="multipart" time="5.137"/>
  <system-out/>
</testsuite> <!-- CRUDwithBDD.Multipart_program -->
