<?xml version="1.0" encoding="UTF-8"?>
<!-- Generated by org.testng.reporters.JUnitReportReporter -->
<testsuite hostname="LAPTOP-LPRDJ66B" failures="0" tests="1" name="RestAssuerd_CRUDoperations.PutMethodUsingBaseClass" time="1.877" errors="0" timestamp="2023-01-04T15:54:11 IST" skipped="0">
  <testcase classname="RestAssuerd_CRUDoperations.PutMethodUsingBaseClass" name="addProject" time="1.877"/>
  <system-out/>
</testsuite> <!-- RestAssuerd_CRUDoperations.PutMethodUsingBaseClass -->
