<?xml version="1.0" encoding="UTF-8"?>
<!-- Generated by org.testng.reporters.JUnitReportReporter -->
<testsuite hostname="LAPTOP-LPRDJ66B" failures="0" tests="1" name="CRUDwithBDD.Post_TC04_AddingSameProjectName" time="3.456" errors="0" timestamp="2022-12-27T17:50:18 IST" skipped="0">
  <testcase classname="CRUDwithBDD.Post_TC04_AddingSameProjectName" name="sameProjectName" time="3.456"/>
  <system-out/>
</testsuite> <!-- CRUDwithBDD.Post_TC04_AddingSameProjectName -->
