<?xml version="1.0" encoding="UTF-8"?>
<!-- Generated by org.testng.reporters.JUnitReportReporter -->
<testsuite hostname="LAPTOP-LPRDJ66B" failures="0" tests="1" name="CRUDwithBDD.Post_TC10_AddingHTMLBody" time="2.169" errors="0" timestamp="2022-12-28T16:18:47 IST" skipped="0">
  <testcase classname="CRUDwithBDD.Post_TC10_AddingHTMLBody" name="passURL" time="2.169"/>
  <system-out/>
</testsuite> <!-- CRUDwithBDD.Post_TC10_AddingHTMLBody -->
