<?xml version="1.0" encoding="UTF-8"?>
<!-- Generated by org.testng.reporters.JUnitReportReporter -->
<testsuite hostname="LAPTOP-LPRDJ66B" failures="0" tests="1" name="Parameters.PathParameter" time="2.298" errors="0" timestamp="2023-01-04T12:18:36 IST" skipped="0">
  <testcase classname="Parameters.PathParameter" name="pathparameter" time="2.298"/>
  <system-out/>
</testsuite> <!-- Parameters.PathParameter -->
