<?xml version="1.0" encoding="UTF-8"?>
<!-- Generated by org.testng.reporters.JUnitReportReporter -->
<testsuite hostname="LAPTOP-LPRDJ66B" failures="0" tests="1" name="CRUDwithBDD.TC01_CreatingNewProject" time="3.124" errors="0" timestamp="2022-12-27T17:08:57 IST" skipped="0">
  <testcase classname="CRUDwithBDD.TC01_CreatingNewProject" name="addProject" time="3.124"/>
  <system-out/>
</testsuite> <!-- CRUDwithBDD.TC01_CreatingNewProject -->
