<?xml version="1.0" encoding="UTF-8"?>
<!-- Generated by org.testng.reporters.JUnitReportReporter -->
<testsuite hostname="LAPTOP-LPRDJ66B" failures="0" tests="1" name="Athentication.DigestiveAuth" time="2.020" errors="0" timestamp="2023-01-02T16:17:00 IST" skipped="0">
  <testcase classname="Athentication.DigestiveAuth" name="basicAuth" time="2.020"/>
  <system-out/>
</testsuite> <!-- Athentication.DigestiveAuth -->
