<?xml version="1.0" encoding="UTF-8"?>
<!-- Generated by org.testng.reporters.JUnitReportReporter -->
<testsuite hostname="LAPTOP-LPRDJ66B" failures="0" tests="1" name="SerializationAndDeserialization.SerializationOfEmployee_MultipledData" time="0.442" errors="0" timestamp="2022-12-26T16:02:25 IST" skipped="0">
  <testcase classname="SerializationAndDeserialization.SerializationOfEmployee_MultipledData" name="serializationOfEmployees" time="0.442"/>
  <system-out/>
</testsuite> <!-- SerializationAndDeserialization.SerializationOfEmployee_MultipledData -->
