<?xml version="1.0" encoding="UTF-8"?>
<!-- Generated by org.testng.reporters.JUnitReportReporter -->
<testsuite hostname="LAPTOP-LPRDJ66B" failures="0" tests="1" name="CRUDwithBDD.Put_TC37_AddingDetailsToPutMethod" time="2.118" errors="0" timestamp="2022-12-28T17:26:53 IST" skipped="0">
  <testcase classname="CRUDwithBDD.Put_TC37_AddingDetailsToPutMethod" name="updateProject" time="2.118"/>
  <system-out/>
</testsuite> <!-- CRUDwithBDD.Put_TC37_AddingDetailsToPutMethod -->
