<?xml version="1.0" encoding="UTF-8"?>
<!-- Generated by org.testng.reporters.JUnitReportReporter -->
<testsuite hostname="LAPTOP-LPRDJ66B" failures="0" tests="1" name="SerializationAndDeserialization.SerializationOfEmployeeDetails_Spousedetails" time="0.006" errors="0" timestamp="2022-12-26T16:02:25 IST" skipped="0">
  <testcase classname="SerializationAndDeserialization.SerializationOfEmployeeDetails_Spousedetails" name="serializationOfEmployees" time="0.006"/>
  <system-out/>
</testsuite> <!-- SerializationAndDeserialization.SerializationOfEmployeeDetails_Spousedetails -->
