<?xml version="1.0" encoding="UTF-8"?>
<!-- Generated by org.testng.reporters.JUnitReportReporter -->
<testsuite hostname="LAPTOP-LPRDJ66B" failures="0" tests="1" name="RequestChaining.PostAndDelete_Project" time="2.837" errors="0" timestamp="2023-01-04T17:20:07 IST" skipped="0">
  <testcase classname="RequestChaining.PostAndDelete_Project" name="postAndDeleteTest" time="2.837"/>
  <system-out/>
</testsuite> <!-- RequestChaining.PostAndDelete_Project -->
