<?xml version="1.0" encoding="UTF-8"?>
<!-- Generated by org.testng.reporters.JUnitReportReporter -->
<testsuite hostname="LAPTOP-LPRDJ66B" failures="0" tests="1" name="Athentication.BasicAuth" time="1.973" errors="0" timestamp="2023-01-02T16:16:02 IST" skipped="0">
  <testcase classname="Athentication.BasicAuth" name="basicAuth" time="1.973"/>
  <system-out/>
</testsuite> <!-- Athentication.BasicAuth -->
