<?xml version="1.0" encoding="UTF-8"?>
<!-- Generated by org.testng.reporters.JUnitReportReporter -->
<testsuite hostname="LAPTOP-LPRDJ66B" failures="0" tests="1" name="CRUDwithoutBDD.GetMethod_AllProjects" time="3.021" errors="0" timestamp="2022-12-27T15:35:35 IST" skipped="0">
  <testcase classname="CRUDwithoutBDD.GetMethod_AllProjects" name="getProject" time="3.021"/>
  <system-out/>
</testsuite> <!-- CRUDwithoutBDD.GetMethod_AllProjects -->
