<?xml version="1.0" encoding="UTF-8"?>
<!-- Generated by org.testng.reporters.JUnitReportReporter -->
<testsuite hostname="LAPTOP-LPRDJ66B" failures="0" tests="1" name="CRUDwithoutBDD.GetMethod" time="2.805" errors="0" timestamp="2022-12-27T15:12:56 IST" skipped="0">
  <testcase classname="CRUDwithoutBDD.GetMethod" name="getProject" time="2.805"/>
  <system-out/>
</testsuite> <!-- CRUDwithoutBDD.GetMethod -->
